[Mon Jul 01 00:03:46.576105 2024] [mpm_winnt:notice] [pid 532:tid 428] AH00455: Apache/2.4.54 (Win64) OpenSSL/1.1.1q PHP/8.1.10 configured -- resuming normal operations
[Mon Jul 01 00:03:46.577104 2024] [mpm_winnt:notice] [pid 532:tid 428] AH00456: Apache Lounge VS16 Server built: Jun 22 2022 09:58:15
[Mon Jul 01 00:03:46.577104 2024] [core:notice] [pid 532:tid 428] AH00094: Command line: 'C:\\laragon\\bin\\apache\\httpd-2.4.54-win64-VS16\\bin\\httpd -d C:/laragon/bin/apache/httpd-2.4.54-win64-VS16'
[Mon Jul 01 00:03:46.583103 2024] [mpm_winnt:notice] [pid 532:tid 428] AH00418: Parent: Created child process 1768
Apache server interrupted...
024] [mpm_winnt:notice] [pid 1768:tid 432] AH00354: Child: Starting 64 worker threads.
[Mon Jul 01 00:10:55.130039 2024] [mpm_winnt:notice] [pid 532:tid 428] AH00422: Parent: Received shutdown signal -- Shutting down the server.
[Mon Jul 01 00:10:57.150872 2024] [mpm_winnt:notice] [pid 1768:tid 432] AH00364: Child: All worker threads have exited.
[Mon Jul 01 00:11:39.833953 2024] [core:warn] [pid 9728:tid 440] AH00098: pid file C:/laragon/bin/apache/httpd-2.4.54-win64-VS16/logs/httpd.pid overwritten -- Unclean shutdown of previous Apache run?
[Mon Jul 01 00:11:39.886980 2024] [mpm_winnt:notice] [pid 9728:tid 440] AH00455: Apache/2.4.54 (Win64) OpenSSL/1.1.1q PHP/8.1.10 configured -- resuming normal operations
[Mon Jul 01 00:11:39.886980 2024] [mpm_winnt:notice] [pid 9728:tid 440] AH00456: Apache Lounge VS16 Server built: Jun 22 2022 09:58:15
[Mon Jul 01 00:11:39.886980 2024] [core:notice] [pid 9728:tid 440] AH00094: Command line: 'C:\\laragon\\bin\\apache\\httpd-2.4.54-win64-VS16\\bin\\httpd -d C:/laragon/bin/apache/httpd-2.4.54-win64-VS16'
[Mon Jul 01 00:11:39.890952 2024] [mpm_winnt:notice] [pid 9728:tid 440] AH00418: Parent: Created child process 9884
Apache server interrupted...
024] [mpm_winnt:notice] [pid 9884:tid 412] AH00354: Child: Starting 64 worker threads.
[Mon Jul 01 00:11:48.292894 2024] [mpm_winnt:notice] [pid 9728:tid 440] AH00422: Parent: Received shutdown signal -- Shutting down the server.
[Mon Jul 01 00:11:50.339821 2024] [mpm_winnt:notice] [pid 9884:tid 412] AH00364: Child: All worker threads have exited.
[Mon Jul 01 09:53:23.313022 2024] [core:warn] [pid 1580:tid 452] AH00098: pid file C:/laragonGG/bin/apache/httpd-2.4.54-win64-VS16/logs/httpd.pid overwritten -- Unclean shutdown of previous Apache run?
[Mon Jul 01 09:53:23.875523 2024] [mpm_winnt:notice] [pid 1580:tid 452] AH00455: Apache/2.4.54 (Win64) OpenSSL/1.1.1q PHP/8.1.10 configured -- resuming normal operations
[Mon Jul 01 09:53:23.875523 2024] [mpm_winnt:notice] [pid 1580:tid 452] AH00456: Apache Lounge VS16 Server built: Jun 22 2022 09:58:15
[Mon Jul 01 09:53:23.875523 2024] [core:notice] [pid 1580:tid 452] AH00094: Command line: 'C:\\laragonGG\\bin\\apache\\httpd-2.4.54-win64-VS16\\bin\\httpd -d C:/laragonGG/bin/apache/httpd-2.4.54-win64-VS16'
[Mon Jul 01 09:53:23.875523 2024] [mpm_winnt:notice] [pid 1580:tid 452] AH00418: Parent: Created child process 5920
Apache server interrupted...
024] [mpm_winnt:notice] [pid 5920:tid 424] AH00354: Child: Starting 64 worker threads.
[Mon Jul 01 09:53:34.422461 2024] [mpm_winnt:notice] [pid 1580:tid 452] AH00422: Parent: Received shutdown signal -- Shutting down the server.
[Mon Jul 01 09:53:36.453668 2024] [mpm_winnt:notice] [pid 5920:tid 424] AH00364: Child: All worker threads have exited.
[Mon Jul 01 09:53:50.453648 2024] [core:warn] [pid 1316:tid 432] AH00098: pid file C:/laragonTEST/bin/apache/httpd-2.4.54-win64-VS16/logs/httpd.pid overwritten -- Unclean shutdown of previous Apache run?
[Mon Jul 01 09:53:50.516145 2024] [mpm_winnt:notice] [pid 1316:tid 432] AH00455: Apache/2.4.54 (Win64) OpenSSL/1.1.1q PHP/8.1.10 configured -- resuming normal operations
[Mon Jul 01 09:53:50.516145 2024] [mpm_winnt:notice] [pid 1316:tid 432] AH00456: Apache Lounge VS16 Server built: Jun 22 2022 09:58:15
[Mon Jul 01 09:53:50.516145 2024] [core:notice] [pid 1316:tid 432] AH00094: Command line: 'C:\\laragonTEST\\bin\\apache\\httpd-2.4.54-win64-VS16\\bin\\httpd -d C:/laragonTEST/bin/apache/httpd-2.4.54-win64-VS16'
[Mon Jul 01 09:53:50.516145 2024] [mpm_winnt:notice] [pid 1316:tid 432] AH00418: Parent: Created child process 10624
Apache server interrupted...
024] [mpm_winnt:notice] [pid 10624:tid 428] AH00354: Child: Starting 64 worker threads.
[Mon Jul 01 09:57:53.313071 2024] [mpm_winnt:notice] [pid 1316:tid 432] AH00422: Parent: Received shutdown signal -- Shutting down the server.
[Mon Jul 01 09:57:55.344395 2024] [mpm_winnt:notice] [pid 10624:tid 428] AH00364: Child: All worker threads have exited.
