3ebc start_logger              154 ---- 2024/09/08 04:27:20.838 -------------------------------------------------
3ebc start_logger              160 Host process is 'cmd.exe' (pid 16060)
3ebc start_logger              164 DLL path is 'D:\Naculus\NCUT\Cyber-Security\.vscode\laragon\bin\cmder\vendor\clink'
3ebc start_logger              178 Windows version 10.0.19045 (x64)
3ebc start_logger              181 Clink version 1.2.46.69fc92 (x64)
3ebc hook_setter::hook_setter  156 >>> Started hook transaction.
3ebc hook_setter::attach_iat   313 Attempting to hook SetEnvironmentVariableW in IAT for module 00007FF78EA90000.
3ebc pe_info::iterate_imports  160 Found import in 'api-ms-win-core-processenvironment-l1-1-0.dll'
3ebc find_iat                  121 Found import at 00007FF78EAC3860 (value is 00007FFA81EF28A0).
3ebc hook_setter::attach_iat   313 Attempting to hook WriteConsoleW in IAT for module 00007FF78EA90000.
3ebc pe_info::iterate_imports  160 Found import in 'api-ms-win-core-console-l1-1-0.dll'
3ebc find_iat                  121 Found import at 00007FF78EAC34F8 (value is 00007FFA81ED9D20).
3ebc hook_setter::attach_iat   313 Attempting to hook GetEnvironmentVariableW in IAT for module 00007FF78EA90000.
3ebc pe_info::iterate_imports  160 Found import in 'api-ms-win-core-processenvironment-l1-1-0.dll'
3ebc find_iat                  121 Found import at 00007FF78EAC3880 (value is 00007FFA81EB2390).
3ebc hook_setter::commit       204 <<< Hook transaction committed.
3ebc hook_setter::hook_setter  156 >>> Started hook transaction.
3ebc hook_setter::detach_iat   356 Attempting to unhook 00007FF98051ADF0 from GetEnvironmentVariableW in IAT for module 00007FF78EA90000.
3ebc pe_info::iterate_imports  160 Found import in 'api-ms-win-core-processenvironment-l1-1-0.dll'
3ebc find_iat                  121 Found import at 00007FF78EAC3880 (value is 00007FF98051ADF0).
3ebc hook_setter::commit       204 <<< Hook transaction committed.
3ebc hook_setter::hook_setter  156 >>> Started hook transaction.
3ebc hook_setter::attach_iat   313 Attempting to hook ReadConsoleW in IAT for module 00007FF78EA90000.
3ebc pe_info::iterate_imports  160 Found import in 'api-ms-win-core-console-l1-1-0.dll'
3ebc find_iat                  121 Found import at 00007FF78EAC34E0 (value is 00007FFA81FA6170).
3ebc hook_setter::commit       204 <<< Hook transaction committed.
3ebc reset_handle              145 resetting mismatched stdout handle
3ebc win_screen_buffer::begin  227 Using native terminal support; found 'ConEmuHk64.dll'.
3ebc history_db::initialise   1268 master bank ctag: |CTAG_1663167284_18455859_4204_0
3ebc history_db::compact      1492 History:  0 active, 0 deleted
